1644929767782	geckodriver	INFO	Listening on 127.0.0.1:64840
1644929771020	mozrunner::runner	INFO	Running command: "C:\\Program Files\\Mozilla Firefox\\firefox.exe" "--marionette" "--remote-debugging-port" "64841" "-no-remote" "-profile" "C:\\Users\\PRAVEE~1.PAT\\AppData\\Local\\Temp\\rust_mozprofile0vFoDG"
console.error: JsonSchemaValidator.jsm: 
  Object expected but not received
console.error: Enterprise Policies: 
  Invalid parameters specified for ExtensionSettings.
1644929771752	Marionette	INFO	Marionette enabled
console.warn: SearchSettings: "get: No settings file exists, new profile?" (new NotFoundError("Could not open the file at C:\\Users\\Praveen.Patel\\AppData\\Local\\Temp\\rust_mozprofile0vFoDG\\search.json.mozlz4", (void 0)))
DevTools listening on ws://localhost:64841/devtools/browser/2dfff4b0-3369-4c3a-8176-2beb1207b340
1644929774332	Marionette	INFO	Listening on port 64846
1644929774729	RemoteAgent	WARN	TLS certificate errors will be ignored for this session
1644930007907	Marionette	INFO	Stopped listening on port 64846
console.warn: TopSitesFeed: Failed to fetch data from Contile server: NetworkError when attempting to fetch resource.
JavaScript error: chrome://remote/content/marionette/cert.js, line 55: NS_ERROR_NOT_AVAILABLE: Component returned failure code: 0x80040111 (NS_ERROR_NOT_AVAILABLE) [nsICertOverrideService.setDisableAllSecurityChecksAndLetAttackersInterceptMyData]
console.error: "Could not write session state fil1644930008070	Marionette	INFO	Marionette enabled
console.warn: SearchSettings: "get: No settings file exists, new profile?" (new NotFoundError("Could not open the file at C:\\Users\\Praveen.Patel\\AppData\\Local\\Temp\\rust_mozprofiledtcNfA\\search.json.mozlz4", (void 0)))
DevTools listening on ws://localhost:58588/devtools/browser/b074ec0b-000a-427b-aeba-7bdd2259d516
1644930010161	Marionette	INFO	Listening on port 58593
1644930010402	RemoteAgent	WARN	TLS certificate errors will be ignored for this session
1644930486989	geckodriver	INFO	Listening on 127.0.0.1:58854
1644930490181	mozrunner::runner	INFO	Running command: "C:\\Program Files\\Mozilla Firefox\\firefox.exe" "--marionette" "--remote-debugging-port" "58855" "-no-remote" "-profile" "C:\\Users\\PRAVEE~1.PAT\\AppData\\Local\\Temp\\rust_mozprofileR6dslQ"
console.error: JsonSchemaValidator.jsm: 
  Object expected but not received
console.error: Enterprise Policies: 
  Invalid parameters specified for ExtensionSettings.
1644930490945	Marionette	INFO	Marionette enabled
console.warn: SearchSettings: "get: No settings file exists, new profile?" (new NotFoundError("Could not open the file at C:\\Users\\Praveen.Patel\\AppData\\Local\\Temp\\rust_mozprofileR6dslQ\\search.json.mozlz4", (void 0)))
DevTools listening on ws://localhost:58855/devtools/browser/d618245e-7067-4c23-b705-725e38feca12
1644930495038	Marionette	INFO	Listening on port 58861
1644930495550	RemoteAgent	WARN	TLS certificate errors will be ignored for this session
1644930833623	geckodriver	INFO	Listening on 127.0.0.1:59257
1644930836776	mozrunner::runner	INFO	Running command: "C:\\Program Files\\Mozilla Firefox\\firefox.exe" "--marionette" "--remote-debugging-port" "59258" "-no-remote" "-profile" "C:\\Users\\PRAVEE~1.PAT\\AppData\\Local\\Temp\\rust_mozprofileGnSYnw"
console.error: JsonSchemaValidator.jsm: 
  Object expected but not received
console.error: Enterprise Policies: 
  Invalid parameters specified for ExtensionSettings.
1644930837676	Marionette	INFO	Marionette enabled
console.warn: SearchSettings: "get: No settings file exists, new profile?" (new NotFoundError("Could not open the file at C:\\Users\\Praveen.Patel\\AppData\\Local\\Temp\\rust_mozprofileGnSYnw\\search.json.mozlz4", (void 0)))
DevTools listening on ws://localhost:59258/devtools/browser/b567b5a0-acf9-49ab-a904-31936c7ad49c
1644930841510	Marionette	INFO	Listening on port 59269
1644930841652	RemoteAgent	WARN	TLS certificate errors will be ignored for this session
1644930897627	geckodriver	INFO	Listening on 127.0.0.1:59328
1644930900770	mozrunner::runner	INFO	Running command: "C:\\Program Files\\Mozilla Firefox\\firefox.exe" "--marionette" "--remote-debugging-port" "59329" "-no-remote" "-profile" "C:\\Users\\PRAVEE~1.PAT\\AppData\\Local\\Temp\\rust_mozprofilepRXqzc"
console.error: JsonSchemaValidator.jsm: 
  Object expected but not received
console.error: Enterprise Policies: 
  Invalid parameters specified for ExtensionSettings.
1644930901481	Marionette	INFO	Marionette enabled
console.warn: SearchSettings: "get: No settings file exists, new profile?" (new NotFoundError("Could not open the file at C:\\Users\\Praveen.Patel\\AppData\\Local\\Temp\\rust_mozprofilepRXqzc\\search.json.mozlz4", (void 0)))
DevTools listening on ws://localhost:59329/devtools/browser/1940bb7d-1cc9-413f-875c-72c754d55613
1644930905306	Marionette	INFO	Listening on port 59334
1644930905726	RemoteAgent	WARN	TLS certificate errors will be ignored for this session
JavaScript warning: https://s3.amazonaws.com/coderbytejs/jquery-1.3.2.min.js, line 19: unreachable code after return statement
console.warn: LoginRecipes: "getRecipes: falling back to a synchronous message for:" "https://coderbyte.com"
JavaScript warning: https://s3.amazonaws.com/coderbytejs/jquery-1.3.2.min.js, line 19: unreachable code after return statement
JavaScript error: , line 0: uncaught exception: undefined
JavaScript warning: https://s3.amazonaws.com/coderbytejs/jquery-1.3.2.min.js, line 19: unreachable code after return statement
1644931141020	geckodriver	INFO	Listening on 127.0.0.1:59709
1644931144149	mozrunner::runner	INFO	Running command: "C:\\Program Files\\Mozilla Firefox\\firefox.exe" "--marionette" "--remote-debugging-port" "59710" "-no-remote" "-profile" "C:\\Users\\PRAVEE~1.PAT\\AppData\\Local\\Temp\\rust_mozprofileQ6r15q"
console.error: JsonSchemaValidator.jsm: 
  Object expected but not received
console.error: Enterprise Policies: 
  Invalid parameters specified for ExtensionSettings.
1644931144909	Marionette	INFO	Marionette enabled
console.warn: SearchSettings: "get: No settings file exists, new profile?" (new NotFoundError("Could not open the file at C:\\Users\\Praveen.Patel\\AppData\\Local\\Temp\\rust_mozprofileQ6r15q\\search.json.mozlz4", (void 0)))
DevTools listening on ws://localhost:59710/devtools/browser/47229dd2-b708-4c8c-b4ec-cde22a8d46a9
1644931148701	Marionette	INFO	Listening on port 59718
1644931148987	RemoteAgent	WARN	TLS certificate errors will be ignored for this session
JavaScript warning: https://s3.amazonaws.com/coderbytejs/jquery-1.3.2.min.js, line 19: unreachable code after return statement
console.warn: LoginRecipes: "getRecipes: falling back to a synchronous message for:" "https://coderbyte.com"
JavaScript warning: https://s3.amazonaws.com/coderbytejs/jquery-1.3.2.min.js, line 19: unreachable code after return statement
JavaScript warning: https://s3.amazonaws.com/coderbytejs/jquery-1.3.2.min.js, line 19: unreachable code after return statement
1644931208984	Marionette	INFO	Stopped listening on port 59718
[Parent 1124, IPC I/O Parent] WARNING: file /builds/worker/checkouts/gecko/ipc/chromium/src/base/process_util_win.cc:167

###!!! [Parent][RunMessage] Error: Channel closing: too late to send/recv, messages will be lost

1644931375715	geckodriver	INFO	Listening on 127.0.0.1:60066
1644931378810	mozrunner::runner	INFO	Running command: "C:\\Program Files\\Mozilla Firefox\\firefox.exe" "--marionette" "--remote-debugging-port" "60067" "-no-remote" "-profile" "C:\\Users\\PRAVEE~1.PAT\\AppData\\Local\\Temp\\rust_mozprofileNsdacm"
console.error: JsonSchemaValidator.jsm: 
  Object expected but not received
console.error: Enterprise Policies: 
  Invalid parameters specified for ExtensionSettings.
1644931379579	Marionette	INFO	Marionette enabled
console.warn: SearchSettings: "get: No settings file exists, new profile?" (new NotFoundError("Could not open the file at C:\\Users\\Praveen.Patel\\AppData\\Local\\Temp\\rust_mozprofileNsdacm\\search.json.mozlz4", (void 0)))
DevTools listening on ws://localhost:60067/devtools/browser/77e48e93-29f5-40eb-afa6-44c7c1e516a3
1644931383420	Marionette	INFO	Listening on port 60074
1644931383632	RemoteAgent	WARN	TLS certificate errors will be ignored for this session
JavaScript warning: https://s3.amazonaws.com/coderbytejs/jquery-1.3.2.min.js, line 19: unreachable code after return statement
console.warn: LoginRecipes: "getRecipes: falling back to a synchronous message for:" "https://coderbyte.com"
JavaScript warning: https://s3.amazonaws.com/coderbytejs/jquery-1.3.2.min.js, line 19: unreachable code after return statement
JavaScript error: https://rec.sessionrewind.com/srloader.js, line 1: Error: Could not get session rewind script info
JavaScript warning: https://s3.amazonaws.com/coderbytejs/jquery-1.3.2.min.js, line 19: unreachable code after return statement
1644931442074	Marionette	INFO	Stopped listening on port 60074

###!!! [Child][RunMessage] Error: Channel closing: too late to send/recv, messages will be lost


###!!! [Child][RunMessage] Error: Channel closing: too late to send/recv, messages will be lost


###!!! [Child][RunMessage] Error: Channel closing: too late to send/recv, messages will be lost


###!!! [Child][RunMessage] Error: Channel closing: too late to send/recv, messages will be lost

[Parent 13060, IPC I/O Parent] WARNING: file /builds/worker/checkouts/gecko/ipc/chromium/src/base/process_util_win.cc:167
console.error: "Could not write session state file " (new Error("IOUtils: Shutting down and refusing additional I/O tasks", (void 0), 106)) "DOMException@resource://gre/modules/PromiseWorker.jsm:106:18\npostMessage@resource://gre/modules/PromiseWorker.jsm:342:55\nobserve@resource://gre/modules/AsyncShutdown.jsm:575:16\n"
JavaScript error: resource://gre/modules/CrashMonitor.jsm, line 201: AbortError: IOUtils: Shutting down and refusing additional I/O tasks

###!!! [Parent][RunMessage] Error: Channel closing: too late to send/recv, messages will be lost

1644932279691	geckodriver	INFO	Listening on 127.0.0.1:64492
1644932282856	mozrunner::runner	INFO	Running command: "C:\\Program Files\\Mozilla Firefox\\firefox.exe" "--marionette" "--remote-debugging-port" "64493" "-no-remote" "-profile" "C:\\Users\\PRAVEE~1.PAT\\AppData\\Local\\Temp\\rust_mozprofileLRHkwu"
console.error: JsonSchemaValidator.jsm: 
  Object expected but not received
console.error: Enterprise Policies: 
  Invalid parameters specified for ExtensionSettings.
1644932284380	Marionette	INFO	Marionette enabled
console.warn: SearchSettings: "get: No settings file exists, new profile?" (new NotFoundError("Could not open the file at C:\\Users\\Praveen.Patel\\AppData\\Local\\Temp\\rust_mozprofileLRHkwu\\search.json.mozlz4", (void 0)))
DevTools listening on ws://localhost:64493/devtools/browser/4833a749-d546-447d-ad9c-3fa36b18f7dc
1644932289826	Marionette	INFO	Listening on port 64502
1644932290523	RemoteAgent	WARN	TLS certificate errors will be ignored for this session
JavaScript warning: https://s3.amazonaws.com/coderbytejs/jquery-1.3.2.min.js, line 19: unreachable code after return statement
console.warn: LoginRecipes: "getRecipes: falling back to a synchronous message for:" "https://coderbyte.com"
JavaScript warning: https://s3.amazonaws.com/coderbytejs/jquery-1.3.2.min.js, line 19: unreachable code after return statement
JavaScript warning: https://s3.amazonaws.com/coderbytejs/jquery-1.3.2.min.js, line 19: unreachable code after return statement
1644932350913	Marionette	INFO	Stopped listening on port 64502
[Parent 11300, IPC I/O Parent] WARNING: file /builds/worker/checkouts/gecko/ipc/chromium/src/base/process_util_win.cc:167

###!!! [Child][RunMessage] Error: Channel closing: too late to send/recv, messages will be lost

console.error: "Could not write session state file " (new Error("IOUtils: Shutting down and refusing additional I/O tasks", (void 0), 106)) "DOMException@resource://gre/modules/PromiseWorker.jsm:106:18\npostMessage@resource://gre/modules/PromiseWorker.jsm:342:55\nobserve@resource://gre/modules/AsyncShutdown.jsm:575:16\n"
JavaScript error: resource://gre/modules/CrashMonitor.jsm, line 201: AbortError: IOUtils: Shutting down and refusing additional I/O tasks
1644932489389	geckodriver	INFO	Listening on 127.0.0.1:64951
1644932492519	mozrunner::runner	INFO	Running command: "C:\\Program Files\\Mozilla Firefox\\firefox.exe" "--marionette" "--remote-debugging-port" "64952" "-no-remote" "-profile" "C:\\Users\\PRAVEE~1.PAT\\AppData\\Local\\Temp\\rust_mozprofileRrdWoZ"
console.error: JsonSchemaValidator.jsm: 
  Object expected but not received
console.error: Enterprise Policies: 
  Invalid parameters specified for ExtensionSettings.
1644932493225	Marionette	INFO	Marionette enabled
console.warn: SearchSettings: "get: No settings file exists, new profile?" (new NotFoundError("Could not open the file at C:\\Users\\Praveen.Patel\\AppData\\Local\\Temp\\rust_mozprofileRrdWoZ\\search.json.mozlz4", (void 0)))
DevTools listening on ws://localhost:64952/devtools/browser/77ba47e6-e1a8-459f-afce-198892e1f358
1644932497059	Marionette	INFO	Listening on port 64957
1644932497370	RemoteAgent	WARN	TLS certificate errors will be ignored for this session
1644932717501	geckodriver	INFO	Listening on 127.0.0.1:65084
1644932720676	mozrunner::runner	INFO	Running command: "C:\\Program Files\\Mozilla Firefox\\firefox.exe" "--marionette" "--remote-debugging-port" "65085" "-no-remote" "-profile" "C:\\Users\\PRAVEE~1.PAT\\AppData\\Local\\Temp\\rust_mozprofilegT48c4"
console.error: JsonSchemaValidator.jsm: 
  Object expected but not received
console.error: Enterprise Policies: 
  Invalid parameters specified for ExtensionSettings.
1644932721751	Marionette	INFO	Marionette enabled
console.warn: SearchSettings: "get: No settings file exists, new profile?" (new NotFoundError("Could not open the file at C:\\Users\\Praveen.Patel\\AppData\\Local\\Temp\\rust_mozprofilegT48c4\\search.json.mozlz4", (void 0)))
DevTools listening on ws://localhost:65085/devtools/browser/617c1539-aa42-4a49-8224-73c9b70fad24
1644932726232	Marionette	INFO	Listening on port 65090
1644932726571	RemoteAgent	WARN	TLS certificate errors will be ignored for this session
1644932892267	geckodriver	INFO	Listening on 127.0.0.1:65192
1644932895401	mozrunner::runner	INFO	Running command: "C:\\Program Files\\Mozilla Firefox\\firefox.exe" "--marionette" "--remote-debugging-port" "65193" "-no-remote" "-profile" "C:\\Users\\PRAVEE~1.PAT\\AppData\\Local\\Temp\\rust_mozprofilevSoq2z"
console.error: JsonSchemaValidator.jsm: 
  Object expected but not received
console.error: Enterprise Policies: 
  Invalid parameters specified for ExtensionSettings.
1644932896318	Marionette	INFO	Marionette enabled
console.warn: SearchSettings: "get: No settings file exists, new profile?" (new NotFoundError("Could not open the file at C:\\Users\\Praveen.Patel\\AppData\\Local\\Temp\\rust_mozprofilevSoq2z\\search.json.mozlz4", (void 0)))
DevTools listening on ws://localhost:65193/devtools/browser/fe7825e5-2c3d-4eb6-879b-f1bd5cc61cd0
1644932901201	Marionette	INFO	Listening on port 65199
1644932901405	RemoteAgent	WARN	TLS certificate errors will be ignored for this session
1644932981261	geckodriver	INFO	Listening on 127.0.0.1:51845
1644932984431	mozrunner::runner	INFO	Running command: "C:\\Program Files\\Mozilla Firefox\\firefox.exe" "--marionette" "--remote-debugging-port" "51846" "-no-remote" "-profile" "C:\\Users\\PRAVEE~1.PAT\\AppData\\Local\\Temp\\rust_mozprofileD6aJ7a"
console.error: JsonSchemaValidator.jsm: 
  Object expected but not received
console.error: Enterprise Policies: 
  Invalid parameters specified for ExtensionSettings.
1644932985137	Marionette	INFO	Marionette enabled
console.warn: SearchSettings: "get: No settings file exists, new profile?" (new NotFoundError("Could not open the file at C:\\Users\\Praveen.Patel\\AppData\\Local\\Temp\\rust_mozprofileD6aJ7a\\search.json.mozlz4", (void 0)))
DevTools listening on ws://localhost:51846/devtools/browser/9301a9a9-cf47-4f1b-888b-032ccbf952ae
1644932988837	Marionette	INFO	Listening on port 51851
1644932989252	RemoteAgent	WARN	TLS certificate errors will be ignored for this session
1644933157781	geckodriver	INFO	Listening on 127.0.0.1:55737
1644933161009	mozrunner::runner	INFO	Running command: "C:\\Program Files\\Mozilla Firefox\\firefox.exe" "--marionette" "--remote-debugging-port" "55738" "-no-remote" "-profile" "C:\\Users\\PRAVEE~1.PAT\\AppData\\Local\\Temp\\rust_mozprofileUAupHX"
console.error: JsonSchemaValidator.jsm: 
  Object expected but not received
console.error: Enterprise Policies: 
  Invalid parameters specified for ExtensionSettings.
1644933161916	Marionette	INFO	Marionette enabled
console.warn: SearchSettings: "get: No settings file exists, new profile?" (new NotFoundError("Could not open the file at C:\\Users\\Praveen.Patel\\AppData\\Local\\Temp\\rust_mozprofileUAupHX\\search.json.mozlz4", (void 0)))
DevTools listening on ws://localhost:55738/devtools/browser/38b53005-11ee-4f97-a7f2-3d38ebe4045d
1644933166079	Marionette	INFO	Listening on port 55743
1644933166362	RemoteAgent	WARN	TLS certificate errors will be ignored for this session
1644933550070	geckodriver	INFO	Listening on 127.0.0.1:54000
1644933553216	mozrunner::runner	INFO	Running command: "C:\\Program Files\\Mozilla Firefox\\firefox.exe" "--marionette" "--remote-debugging-port" "54001" "-no-remote" "-profile" "C:\\Users\\PRAVEE~1.PAT\\AppData\\Local\\Temp\\rust_mozprofile7RnhNh"
console.error: JsonSchemaValidator.jsm: 
  Object expected but not received
console.error: Enterprise Policies: 
  Invalid parameters specified for ExtensionSettings.
1644933555608	Marionette	INFO	Marionette enabled
console.warn: SearchSettings: "get: No settings file exists, new profile?" (new NotFoundError("Could not open the file at C:\\Users\\Praveen.Patel\\AppData\\Local\\Temp\\rust_mozprofile7RnhNh\\search.json.mozlz4", (void 0)))
DevTools listening on ws://localhost:54001/devtools/browser/99f66780-edd7-4016-b7ec-64d78ca748b3
1644933560583	Marionette	INFO	Listening on port 54007
1644933560734	RemoteAgent	WARN	TLS certificate errors will be ignored for this session
1644934175724	geckodriver	INFO	Listening on 127.0.0.1:51129
1644934178867	mozrunner::runner	INFO	Running command: "C:\\Program Files\\Mozilla Firefox\\firefox.exe" "--marionette" "--remote-debugging-port" "51130" "-no-remote" "-profile" "C:\\Users\\PRAVEE~1.PAT\\AppData\\Local\\Temp\\rust_mozprofileTu9XQ1"
console.error: JsonSchemaValidator.jsm: 
  Object expected but not received
console.error: Enterprise Policies: 
  Invalid parameters specified for ExtensionSettings.
1644934179585	Marionette	INFO	Marionette enabled
console.warn: SearchSettings: "get: No settings file exists, new profile?" (new NotFoundError("Could not open the file at C:\\Users\\Praveen.Patel\\AppData\\Local\\Temp\\rust_mozprofileTu9XQ1\\search.json.mozlz4", (void 0)))
DevTools listening on ws://localhost:51130/devtools/browser/be7f2239-594e-4102-a901-413de8507735
1644934183654	Marionette	INFO	Listening on port 51135
1644934184213	RemoteAgent	WARN	TLS certificate errors will be ignored for this session
JavaScript warning: https://s3.amazonaws.com/coderbytejs/jquery-1.3.2.min.js, line 19: unreachable code after return statement
1644934252876	Marionette	WARN	TimedPromise timed out after 500 ms: stacktrace:
TimedPromise/<@chrome://remote/content/marionette/sync.js:239:19
TimedPromise@chrome://remote/content/marionette/sync.js:224:10
interaction.flushEventLoop@chrome://remote/content/marionette/interaction.js:431:10
webdriverClickElement@chrome://remote/content/marionette/interaction.js:179:31
console.warn: LoginRecipes: "getRecipes: falling back to a synchronous message for:" "https://coderbyte.com"
JavaScript warning: https://s3.amazonaws.com/coderbytejs/jquery-1.3.2.min.js, line 19: unreachable code after return statement
JavaScript error: , line 0: uncaught exception: undefined
JavaScript error: https://rec.sessionrewind.com/srloader.js, line 1: Error: Could not get session rewind script info
JavaScript warning: https://s3.amazonaws.com/coderbytejs/jquery-1.3.2.min.js, line 19: unreachable code after return statement
1644934294656	Marionette	INFO	Stopped listening on port 51135
[Parent 1440, IPC I/O Parent] WARNING: file /builds/worker/checkouts/gecko/ipc/chromium/src/base/process_util_win.cc:167
[Parent 1440, IPC I/O Parent] WARNING: file /builds/worker/checkouts/gecko/ipc/chromium/src/base/process_util_win.cc:167

###!!! [Parent][RunMessage] Error: Channel closing: too late to send/recv, messages will be lost

1644934378057	geckodriver	INFO	Listening on 127.0.0.1:51559
1644934381240	mozrunner::runner	INFO	Running command: "C:\\Program Files\\Mozilla Firefox\\firefox.exe" "--marionette" "--remote-debugging-port" "51560" "-no-remote" "-profile" "C:\\Users\\PRAVEE~1.PAT\\AppData\\Local\\Temp\\rust_mozprofileknShH9"
console.error: JsonSchemaValidator.jsm: 
  Object expected but not received
console.error: Enterprise Policies: 
  Invalid parameters specified for ExtensionSettings.
1644934381965	Marionette	INFO	Marionette enabled
console.warn: SearchSettings: "get: No settings file exists, new profile?" (new NotFoundError("Could not open the file at C:\\Users\\Praveen.Patel\\AppData\\Local\\Temp\\rust_mozprofileknShH9\\search.json.mozlz4", (void 0)))
DevTools listening on ws://localhost:51560/devtools/browser/d073856a-a989-49a1-b4ad-d737404e1ce9
1644934386047	Marionette	INFO	Listening on port 51566
1644934386615	RemoteAgent	WARN	TLS certificate errors will be ignored for this session
JavaScript warning: https://s3.amazonaws.com/coderbytejs/jquery-1.3.2.min.js, line 19: unreachable code after return statement
console.warn: LoginRecipes: "getRecipes: falling back to a synchronous message for:" "https://coderbyte.com"
JavaScript warning: https://s3.amazonaws.com/coderbytejs/jquery-1.3.2.min.js, line 19: unreachable code after return statement
JavaScript error: https://rec.sessionrewind.com/srloader.js, line 1: Error: Could not get session rewind script info
JavaScript warning: https://s3.amazonaws.com/coderbytejs/jquery-1.3.2.min.js, line 19: unreachable code after return statement
1644934444653	Marionette	INFO	Stopped listening on port 51566
[Parent 5524, IPC I/O Parent] WARNING: file /builds/worker/checkouts/gecko/ipc/chromium/src/base/process_util_win.cc:167

###!!! [Parent][RunMessage] Error: Channel closing: too late to send/recv, messages will be lost

1645535055642	geckodriver	INFO	Listening on 127.0.0.1:52749
1645535058679	mozrunner::runner	INFO	Running command: "C:\\Program Files\\Mozilla Firefox\\firefox.exe" "--marionette" "-no-remote" "-profile" "C:\\Users\\TEMP\\AppData\\Local\\Temp\\rust_mozprofileYv1nEJ"
1645535059294	Marionette	INFO	Marionette enabled
console.warn: SearchSettings: "get: No settings file exists, new profile?" (new NotFoundError("Could not open the file at C:\\Users\\TEMP\\AppData\\Local\\Temp\\rust_mozprofileYv1nEJ\\search.json.mozlz4", (void 0)))
1645535060868	Marionette	INFO	Listening on port 52766
1645535060921	RemoteAgent	WARN	TLS certificate errors will be ignored for this session
JavaScript warning: https://s3.amazonaws.com/coderbytejs/jquery-1.3.2.min.js, line 19: unreachable code after return statement
console.warn: LoginRecipes: "getRecipes: falling back to a synchronous message for:" "https://coderbyte.com"
JavaScript warning: https://s3.amazonaws.com/coderbytejs/jquery-1.3.2.min.js, line 19: unreachable code after return statement
JavaScript warning: https://s3.amazonaws.com/coderbytejs/jquery-1.3.2.min.js, line 19: unreachable code after return statement

###!!! [Child][PContentChild] Error: RunMessage(msgname=PContent::Msg_DiscardWindowContext) Channel closing: too late to send/recv, messages will be lost

JavaScript error: https://app.hubspot.com/conversations-visitor/5988877/threads/utk/ea3de0235d604d2ba15950273430cf28?uuid=107884f91972486b8d18e97c9407d189&mobile=false&mobileSafari=false&hideWelcomeMessage=false&hstc=112823387.46d7ddae390715ff03a1ed2bc1070adc.1645535067461.1645535067461.1645535067461.1&domain=coderbyte.com&inApp53=false&messagesUtk=ea3de0235d604d2ba15950273430cf28&url=https%3A%2F%2Fcoderbyte.com%2Fdashboard%2Fbiourja-efzrr%23settings-plan_and_billing&inline=false&isFullscreen=false&globalCookieOptOut=null&isFirstVisitorSession=false&isAttachmentDisabled=false&enableWidgetCookieBanner=false&isInCMS=false&hubspotUtk=46d7ddae390715ff03a1ed2bc1070adc, line 143: ReferenceError: hns is not defined
JavaScript error: https://app.hubspot.com/conversations-visitor/5988877/threads/utk/ea3de0235d604d2ba15950273430cf28?uuid=107884f91972486b8d18e97c9407d189&mobile=false&mobileSafari=false&hideWelcomeMessage=false&hstc=112823387.46d7ddae390715ff03a1ed2bc1070adc.1645535067461.1645535067461.1645535067461.1&domain=coderbyte.com&inApp53=false&messagesUtk=ea3de0235d604d2ba15950273430cf28&url=https%3A%2F%2Fcoderbyte.com%2Fdashboard%2Fbiourja-efzrr%23settings-plan_and_billing&inline=false&isFullscreen=false&globalCookieOptOut=null&isFirstVisitorSession=false&isAttachmentDisabled=false&enableWidgetCookieBanner=false&isInCMS=false&hubspotUtk=46d7ddae390715ff03a1ed2bc1070adc, line 157: ReferenceError: newrelic is not defined
JavaScript error: https://app.hubspot.com/conversations-visitor/5988877/threads/utk/ea3de0235d604d2ba15950273430cf28?uuid=107884f91972486b8d18e97c9407d189&mobile=false&mobileSafari=false&hideWelcomeMessage=false&hstc=112823387.46d7ddae390715ff03a1ed2bc1070adc.1645535067461.1645535067461.1645535067461.1&domain=coderbyte.com&inApp53=false&messagesUtk=ea3de0235d604d2ba15950273430cf28&url=https%3A%2F%2Fcoderbyte.com%2Fdashboard%2Fbiourja-efzrr%23settings-plan_and_billing&inline=false&isFullscreen=false&globalCookieOptOut=null&isFirstVisitorSession=false&isAttachmentDisabled=false&enableWidgetCookieBanner=false&isInCMS=false&hubspotUtk=46d7ddae390715ff03a1ed2bc1070adc, line 186: TypeError: hubspot.require is not a function
JavaScript error: https://app.hubspot.com/conversations-visitor/5988877/threads/utk/ea3de0235d604d2ba15950273430cf28?uuid=107884f91972486b8d18e97c9407d189&mobile=false&mobileSafari=false&hideWelcomeMessage=false&hstc=112823387.46d7ddae390715ff03a1ed2bc1070adc.1645535067461.1645535067461.1645535067461.1&domain=coderbyte.com&inApp53=false&messagesUtk=ea3de0235d604d2ba15950273430cf28&url=https%3A%2F%2Fcoderbyte.com%2Fdashboard%2Fbiourja-efzrr%23settings-plan_and_billing&inline=false&isFullscreen=false&globalCookieOptOut=null&isFirstVisitorSession=false&isAttachmentDisabled=false&enableWidgetCookieBanner=false&isInCMS=false&hubspotUtk=46d7ddae390715ff03a1ed2bc1070adc, line 191: TypeError: hubspot.require is not a function
1645536900919	Marionette	INFO	Stopped listening on port 52766

###!!! [Parent][PContentParent] Error: Send(msgname=PContent::Msg_DestroyBrowsingContextGroup) Closed channel: cannot send/recv


###!!! [Child][PContentChild] Error: RunMessage(msgname=PContent::Reply_DiscardBrowsingContext) Channel closing: too late to send/recv, messages will be lost


###!!! [Child][PContentChild] Error: RunMessage(msgname=PContent::Reply_DiscardBrowsingContext) Channel closing: too late to send/recv, messages will be lost

[Parent 9408, IPC I/O Parent] WARNING: file /builds/worker/checkouts/gecko/ipc/chromium/src/base/process_util_win.cc:167
[Parent 9408, IPC I/O Parent] WARNING: file /builds/worker/checkouts/gecko/ipc/chromium/src/base/process_util_win.cc:167
.amazonaws.com/coderbytejs/jquery-1.3.2.min.js, line 19: unreachable code after return statement
console.warn: LoginRecipes: "getRecipes: falling back to a synchronous message for:" "https://coderbyte.com"
JavaScript warning: https://s3.amazonaws.com/coderbytejs/jquery-1.3.2.min.js, line 19: unreachable code after return statement
JavaScript warning: https://s3.amazonaws.com/coderbytejs/jquery-1.3.2.min.js, line 19: unreachable code after return statement
JavaScript error: https://app.hubspot.com/conversations-visitor/5988877/threads/utk/df3bbe904dc94c969ea2f8ad58b7cca4?uuid=d1db05c3140f466dbe43bdac3d106324&mobile=false&mobileSafari=false&hideWelcomeMessage=false&hstc=112823387.aa7bbefb93f05e8792c106d4f6d99430.1645535424351.1645535424351.1645535424351.1&domain=coderbyte.com&inApp53=false&messagesUtk=df3bbe904dc94c969ea2f8ad58b7cca4&url=https%3A%2F%2Fcoderbyte.com%2Fdashboard%2Fbiourja-efzrr%23settings-plan_and_billing&inline=false&isFullscreen=false&globalCookieOptOut=null&isFirstVisitorSession=false&isAttachmentDisabled=false&enableWidgetCookieBanner=false&isInCMS=false&hubspotUtk=aa7bbefb93f05e8792c106d4f6d99430, line 143: ReferenceError: hns is not defined
JavaScript error: https://app.hubspot.com/conversations-visitor/5988877/threads/utk/df3bbe904dc94c969ea2f8ad58b7cca4?uuid=d1db05c3140f466dbe43bdac3d106324&mobile=false&mobileSafari=false&hideWelcomeMessage=false&hstc=112823387.aa7bbefb93f05e8792c106d4f6d99430.1645535424351.1645535424351.1645535424351.1&domain=coderbyte.com&inApp53=false&messagesUtk=df3bbe904dc94c969ea2f8ad58b7cca4&url=https%3A%2F%2Fcoderbyte.com%2Fdashboard%2Fbiourja-efzrr%23settings-plan_and_billing&inline=false&isFullscreen=false&globalCookieOptOut=null&isFirstVisitorSession=false&isAttachmentDisabled=false&enableWidgetCookieBanner=false&isInCMS=false&hubspotUtk=aa7bbefb93f05e8792c106d4f6d99430, line 157: ReferenceError: newrelic is not defined
JavaScript error: https://app.hubspot.com/conversations-visitor/5988877/threads/utk/df3bbe904dc94c969ea2f8ad58b7cca4?uuid=d1db05c3140f466dbe43bdac3d106324&mobile=false&mobileSafari=false&hideWelcomeMessage=false&hstc=112823387.aa7bbefb93f05e8792c106d4f6d99430.1645535424351.1645535424351.1645535424351.1&domain=coderbyte.com&inApp53=false&messagesUtk=df3bbe904dc94c969ea2f8ad58b7cca4&url=https%3A%2F%2Fcoderbyte.com%2Fdashboard%2Fbiourja-efzrr%23settings-plan_and_billing&inline=false&isFullscreen=false&globalCookieOptOut=null&isFirstVisitorSession=false&isAttachmentDisabled=false&enableWidgetCookieBanner=false&isInCMS=false&hubspotUtk=aa7bbefb93f05e8792c106d4f6d99430, line 186: TypeError: hubspot.require is not a function
JavaScript error: https://app.hubspot.com/conversations-visitor/5988877/threads/utk/df3bbe904dc94c969ea2f8ad58b7cca4?uuid=d1db05c3140f466dbe43bdac3d106324&mobile=false&mobileSafari=false&hideWelcomeMessage=false&hstc=112823387.aa7bbefb93f05e8792c106d4f6d99430.1645535424351.1645535424351.1645535424351.1&domain=coderbyte.com&inApp53=false&messagesUtk=df3bbe904dc94c969ea2f8ad58b7cca4&url=https%3A%2F%2Fcoderbyte.com%2Fdashboard%2Fbiourja-efzrr%23settings-plan_and_billing&inline=false&isFullscreen=false&globalCookieOptOut=null&isFirstVisitorSession=false&isAttachmentDisabled=false&enableWidgetCookieBanner=false&isInCMS=false&hubspotUtk=aa7bbefb93f05e8792c106d4f6d99430, line 191: TypeError: hubspot.require is not a function
JavaScript error: resource://gre/modules/AsyncShutdown.jsm, line 575: NotFoundError: No such JSWindowActor 'DevToolsFrame'
JavaScript error: resource://gre/modules/AsyncShutdown.jsm, line 575: NotFoundError: No such JSWindowActor 'DevToolsFrame'
JavaScript error: resource://gre/modules/AsyncShutdown.jsm, line 575: NotFoundError: No such JSWindowActor 'DevToolsFrame'
JavaScript error: resource://gre/modules/AsyncShutdown.jsm, line 575: NotFoundError: No such JSWindowActor 'DevToolsFrame'
1645536898807	Marionette	INFO	Stopped listening on port 54377

###!!! [Child][PContentChild] Error: RunMessage(msgname=PContent::Msg_DestroyBrowsingContextGroup) Channel closing: too late to send/recv, messages will be lost


###!!! [Child][PContentChild] Error: RunMessage(msgname=PContent::Msg_DestroyBrowsingContextGroup) Channel closing: too late to send/recv, messages will be lost

1645536924298	geckodriver	INFO	Listening on 127.0.0.1:57184
1645536927316	mozrunner::runner	INFO	Running command: "C:\\Program Files\\Mozilla Firefox\\firefox.exe" "--marionette" "-no-remote" "-profile" "C:\\Users\\TEMP\\AppData\\Local\\Temp\\rust_mozprofilemc5Tns"
1645536927854	Marionette	INFO	Marionette enabled
console.warn: SearchSettings: "get: No settings file exists, new profile?" (new NotFoundError("Could not open the file at C:\\Users\\TEMP\\AppData\\Local\\Temp\\rust_mozprofilemc5Tns\\search.json.mozlz4", (void 0)))
1645536929188	Marionette	INFO	Listening on port 57193
1645536929465	RemoteAgent	WARN	TLS certificate errors will be ignored for this session
JavaScript warning: https://s3.amazonaws.com/coderbytejs/jquery-1.3.2.min.js, line 19: unreachable code after return statement
console.warn: LoginRecipes: "getRecipes: falling back to a synchronous message for:" "https://coderbyte.com"
JavaScript warning: https://s3.amazonaws.com/coderbytejs/jquery-1.3.2.min.js, line 19: unreachable code after return statement
JavaScript warning: https://s3.amazonaws.com/coderbytejs/jquery-1.3.2.min.js, line 19: unreachable code after return statement
JavaScript error: https://app.hubspot.com/conversations-visitor/5988877/threads/utk/489cf0d7b94e45768202e23f3f9be9fc?uuid=0955cae313fe42fbbd51e3ed6f2e614b&mobile=false&mobileSafari=false&hideWelcomeMessage=false&hstc=112823387.e613f49c3fc427aaf0f68e901f834883.1645536934795.1645536934795.1645536934795.1&domain=coderbyte.com&inApp53=false&messagesUtk=489cf0d7b94e45768202e23f3f9be9fc&url=https%3A%2F%2Fcoderbyte.com%2Fdashboard%2Fbiourja-efzrr%23settings-plan_and_billing&inline=false&isFullscreen=false&globalCookieOptOut=null&isFirstVisitorSession=false&isAttachmentDisabled=false&enableWidgetCookieBanner=false&isInCMS=false&hubspotUtk=e613f49c3fc427aaf0f68e901f834883, line 143: ReferenceError: hns is not defined
JavaScript error: https://app.hubspot.com/conversations-visitor/5988877/threads/utk/489cf0d7b94e45768202e23f3f9be9fc?uuid=0955cae313fe42fbbd51e3ed6f2e614b&mobile=false&mobileSafari=false&hideWelcomeMessage=false&hstc=112823387.e613f49c3fc427aaf0f68e901f834883.1645536934795.1645536934795.1645536934795.1&domain=coderbyte.com&inApp53=false&messagesUtk=489cf0d7b94e45768202e23f3f9be9fc&url=https%3A%2F%2Fcoderbyte.com%2Fdashboard%2Fbiourja-efzrr%23settings-plan_and_billing&inline=false&isFullscreen=false&globalCookieOptOut=null&isFirstVisitorSession=false&isAttachmentDisabled=false&enableWidgetCookieBanner=false&isInCMS=false&hubspotUtk=e613f49c3fc427aaf0f68e901f834883, line 157: ReferenceError: newrelic is not defined
JavaScript error: https://app.hubspot.com/conversations-visitor/5988877/threads/utk/489cf0d7b94e45768202e23f3f9be9fc?uuid=0955cae313fe42fbbd51e3ed6f2e614b&mobile=false&mobileSafari=false&hideWelcomeMessage=false&hstc=112823387.e613f49c3fc427aaf0f68e901f834883.1645536934795.1645536934795.1645536934795.1&domain=coderbyte.com&inApp53=false&messagesUtk=489cf0d7b94e45768202e23f3f9be9fc&url=https%3A%2F%2Fcoderbyte.com%2Fdashboard%2Fbiourja-efzrr%23settings-plan_and_billing&inline=false&isFullscreen=false&globalCookieOptOut=null&isFirstVisitorSession=false&isAttachmentDisabled=false&enableWidgetCookieBanner=false&isInCMS=false&hubspotUtk=e613f49c3fc427aaf0f68e901f834883, line 186: TypeError: hubspot.require is not a function
JavaScript error: https://app.hubspot.com/conversations-visitor/5988877/threads/utk/489cf0d7b94e45768202e23f3f9be9fc?uuid=0955cae313fe42fbbd51e3ed6f2e614b&mobile=false&mobileSafari=false&hideWelcomeMessage=false&hstc=112823387.e613f49c3fc427aaf0f68e901f834883.1645536934795.1645536934795.1645536934795.1&domain=coderbyte.com&inApp53=false&messagesUtk=489cf0d7b94e45768202e23f3f9be9fc&url=https%3A%2F%2Fcoderbyte.com%2Fdashboard%2Fbiourja-efzrr%23settings-plan_and_billing&inline=false&isFullscreen=false&globalCookieOptOut=null&isFirstVisitorSession=false&isAttachmentDisabled=false&enableWidgetCookieBanner=false&isInCMS=false&hubspotUtk=e613f49c3fc427aaf0f68e901f834883, line 191: TypeError: hubspot.require is not a function
[GFX1-]: Re[GFX1-[GFX1[GFX1-]:-]: Receive [IPC ]: Rec[eceive G cloI[ive Ise with rePC close with r[GFX1-]:Fason=AbnoXeReceGFX11-]: Receirive IPve I[GFX1amalSC close withPC close w-]: R ith -]: uRson=AbntdownGFX1-]: 
eorReceive PeashC clocon=AbsrIPC clomRaeive IPlShutdown
 eceive IPCnorreceiese with C wireason=Ath rbnormalShut eeaasclose oclose wnmalShuve IPC cl with ri=th reasAobse with reason=Abetdowdnornnowamalsn
son=
AbnShutdormalSon=hutdooAown
wn
rbnomaolShnrutdomalSh=AbnormalShutdown
wn

###!!! [Child][PGPUChild] Error: Send(msgname=PGPU::Msg_ShutdownVR) Channel error: cannot send/recv

utdown

###!!! [Child][PCompositorManagerChild] Error: Send(msgname=PWebRenderBridge::Msg_Shutdown) Channel error: cannot send/recv


###!!! [Child][PCompositorManagerChild] Error: SendAndWait(msgname=PCompositorBridge::Msg_WillClose) Channel error: cannot send/recv


###!!! [Parent][PContentParent] Error: Send(msgname=PContent::Msg_ReinitRendering) Channel error: cannot send/recv

[GFX1-]: Receive IPC close with reason=AbnormalShutdown

###!!! [Parent][PContentParent] Error: RunMessage(msgname=PContent::Msg_GraphicsError) Channel error: cannot send/recv


###!!! [Parent][PContentParent] Error: Send(msgname=PContent::Msg_AsyncMessage) Channel error: cannot send/recv

A content process crashed and MOZ_CRASHREPORTER_SHUTDOWN is set, shutting down
1645537051276	Marionette	INFO	Stopped listening on port 57193
[Parent 2404, IPC I/O Parent] WARNING: file /builds/worker/checkouts/gecko/ipc/chromium/src/base/process_util_win.cc:167

###!!! [Child][PContentChild] Error: RunMessage(msgname=PContent::Msg_DestroyBrowsingContextGroup) Channel closing: too late to send/recv, messages will be lost

JavaScript error: chrome://remote/content/marionette/cert.js, line 55: NS_ERROR_NOT_AVAILABLE: Component returned failure code: 0x80040111 (NS_ERROR_NOT_AVAILABLE) [nsICertOverrideService.setDisableAllSecurityChecksAndLetAttackersInterceptMyData]
1645537355759	geckodriver	INFO	Listening on 127.0.0.1:57894
1645537358789	mozrunner::runner	INFO	Running command: "C:\\Program Files\\Mozilla Firefox\\firefox.exe" "--marionette" "-no-remote" "-profile" "C:\\Users\\TEMP\\AppData\\Local\\Temp\\rust_mozprofileB26ylP"
1645537359401	Marionette	INFO	Marionette enabled
console.warn: SearchSettings: "get: No settings file exists, new profile?" (new NotFoundError("Could not open the file at C:\\Users\\TEMP\\AppData\\Local\\Temp\\rust_mozprofileB26ylP\\search.json.mozlz4", (void 0)))
1645537360782	Marionette	INFO	Listening on port 57905
1645537360935	RemoteAgent	WARN	TLS certificate errors will be ignored for this session
JavaScript warning: https://s3.amazonaws.com/coderbytejs/jquery-1.3.2.min.js, line 19: unreachable code after return statement
console.warn: LoginRecipes: "getRecipes: falling back to a synchronous message for:" "https://coderbyte.com"
JavaScript warning: https://s3.amazonaws.com/coderbytejs/jquery-1.3.2.min.js, line 19: unreachable code after return statement
JavaScript warning: https://s3.amazonaws.com/coderbytejs/jquery-1.3.2.min.js, line 19: unreachable code after return statement
JavaScript error: https://app.hubspot.com/conversations-visitor/5988877/threads/utk/5947a5961abf4e99b32bde80278e69f8?uuid=8d1bf532bbb247248d751529b68eb665&mobile=false&mobileSafari=false&hideWelcomeMessage=false&hstc=112823387.cf3df5858e391aa107b47c1a1d253689.1645537366714.1645537366714.1645537366714.1&domain=coderbyte.com&inApp53=false&messagesUtk=5947a5961abf4e99b32bde80278e69f8&url=https%3A%2F%2Fcoderbyte.com%2Fdashboard%2Fbiourja-efzrr%23settings-plan_and_billing&inline=false&isFullscreen=false&globalCookieOptOut=null&isFirstVisitorSession=false&isAttachmentDisabled=false&enableWidgetCookieBanner=false&isInCMS=false&hubspotUtk=cf3df5858e391aa107b47c1a1d253689, line 143: ReferenceError: hns is not defined
JavaScript error: https://app.hubspot.com/conversations-visitor/5988877/threads/utk/5947a5961abf4e99b32bde80278e69f8?uuid=8d1bf532bbb247248d751529b68eb665&mobile=false&mobileSafari=false&hideWelcomeMessage=false&hstc=112823387.cf3df5858e391aa107b47c1a1d253689.1645537366714.1645537366714.1645537366714.1&domain=coderbyte.com&inApp53=false&messagesUtk=5947a5961abf4e99b32bde80278e69f8&url=https%3A%2F%2Fcoderbyte.com%2Fdashboard%2Fbiourja-efzrr%23settings-plan_and_billing&inline=false&isFullscreen=false&globalCookieOptOut=null&isFirstVisitorSession=false&isAttachmentDisabled=false&enableWidgetCookieBanner=false&isInCMS=false&hubspotUtk=cf3df5858e391aa107b47c1a1d253689, line 157: ReferenceError: newrelic is not defined
JavaScript error: https://app.hubspot.com/conversations-visitor/5988877/threads/utk/5947a5961abf4e99b32bde80278e69f8?uuid=8d1bf532bbb247248d751529b68eb665&mobile=false&mobileSafari=false&hideWelcomeMessage=false&hstc=112823387.cf3df5858e391aa107b47c1a1d253689.1645537366714.1645537366714.1645537366714.1&domain=coderbyte.com&inApp53=false&messagesUtk=5947a5961abf4e99b32bde80278e69f8&url=https%3A%2F%2Fcoderbyte.com%2Fdashboard%2Fbiourja-efzrr%23settings-plan_and_billing&inline=false&isFullscreen=false&globalCookieOptOut=null&isFirstVisitorSession=false&isAttachmentDisabled=false&enableWidgetCookieBanner=false&isInCMS=false&hubspotUtk=cf3df5858e391aa107b47c1a1d253689, line 186: TypeError: hubspot.require is not a function
JavaScript error: https://app.hubspot.com/conversations-visitor/5988877/threads/utk/5947a5961abf4e99b32bde80278e69f8?uuid=8d1bf532bbb247248d751529b68eb665&mobile=false&mobileSafari=false&hideWelcomeMessage=false&hstc=112823387.cf3df5858e391aa107b47c1a1d253689.1645537366714.1645537366714.1645537366714.1&domain=coderbyte.com&inApp53=false&messagesUtk=5947a5961abf4e99b32bde80278e69f8&url=https%3A%2F%2Fcoderbyte.com%2Fdashboard%2Fbiourja-efzrr%23settings-plan_and_billing&inline=false&isFullscreen=false&globalCookieOptOut=null&isFirstVisitorSession=false&isAttachmentDisabled=false&enableWidgetCookieBanner=false&isInCMS=false&hubspotUtk=cf3df5858e391aa107b47c1a1d253689, line 191: TypeError: hubspot.require is not a function
JavaScript warning: https://s3.amazonaws.com/coderbytejs/jquery-1.3.2.min.js, line 19: unreachable code after return statement
console.warn: LoginRecipes: "getRecipes: falling back to a synchronous message for:" "https://coderbyte.com"
JavaScript error: resource://gre/modules/LoginManagerParent.jsm, line 136: TypeError: gRecipeManager is null
JavaScript warning: https://s3.amazonaws.com/coderbytejs/jquery-1.3.2.min.js, line 19: unreachable code after return statement
JavaScript warning: https://s3.amazonaws.com/coderbytejs/jquery-1.3.2.min.js, line 19: unreachable code after return statement
console.warn: LoginRecipes: "getRecipes: falling back to a synchronous message for:" "https://coderbyte.com"
JavaScript error: resource://gre/modules/LoginManagerParent.jsm, line 136: TypeError: gRecipeManager is null
JavaScript error: https://app.hubspot.com/conversations-visitor/5988877/threads/utk/5947a5961abf4e99b32bde80278e69f8?uuid=bf1885b3a9ec456382aacaf9b7eaaace&mobile=false&mobileSafari=false&hideWelcomeMessage=false&hstc=112823387.cf3df5858e391aa107b47c1a1d253689.1645537366714.1645537366714.1645537366714.1&domain=coderbyte.com&inApp53=false&messagesUtk=5947a5961abf4e99b32bde80278e69f8&url=https%3A%2F%2Fcoderbyte.com%2Fdashboard%2Fbiourja-efzrr&inline=false&isFullscreen=false&globalCookieOptOut=null&isFirstVisitorSession=false&isAttachmentDisabled=false&enableWidgetCookieBanner=false&isInCMS=false&hubspotUtk=cf3df5858e391aa107b47c1a1d253689, line 143: ReferenceError: hns is not defined
JavaScript error: https://app.hubspot.com/conversations-visitor/5988877/threads/utk/5947a5961abf4e99b32bde80278e69f8?uuid=bf1885b3a9ec456382aacaf9b7eaaace&mobile=false&mobileSafari=false&hideWelcomeMessage=false&hstc=112823387.cf3df5858e391aa107b47c1a1d253689.1645537366714.1645537366714.1645537366714.1&domain=coderbyte.com&inApp53=false&messagesUtk=5947a5961abf4e99b32bde80278e69f8&url=https%3A%2F%2Fcoderbyte.com%2Fdashboard%2Fbiourja-efzrr&inline=false&isFullscreen=false&globalCookieOptOut=null&isFirstVisitorSession=false&isAttachmentDisabled=false&enableWidgetCookieBanner=false&isInCMS=false&hubspotUtk=cf3df5858e391aa107b47c1a1d253689, line 157: ReferenceError: newrelic is not defined
JavaScript error: https://app.hubspot.com/conversations-visitor/5988877/threads/utk/5947a5961abf4e99b32bde80278e69f8?uuid=bf1885b3a9ec456382aacaf9b7eaaace&mobile=false&mobileSafari=false&hideWelcomeMessage=false&hstc=112823387.cf3df5858e391aa107b47c1a1d253689.1645537366714.1645537366714.1645537366714.1&domain=coderbyte.com&inApp53=false&messagesUtk=5947a5961abf4e99b32bde80278e69f8&url=https%3A%2F%2Fcoderbyte.com%2Fdashboard%2Fbiourja-efzrr&inline=false&isFullscreen=false&globalCookieOptOut=null&isFirstVisitorSession=false&isAttachmentDisabled=false&enableWidgetCookieBanner=false&isInCMS=false&hubspotUtk=cf3df5858e391aa107b47c1a1d253689, line 186: TypeError: hubspot.require is not a function
JavaScript error: https://app.hubspot.com/conversations-visitor/5988877/threads/utk/5947a5961abf4e99b32bde80278e69f8?uuid=bf1885b3a9ec456382aacaf9b7eaaace&mobile=false&mobileSafari=false&hideWelcomeMessage=false&hstc=112823387.cf3df5858e391aa107b47c1a1d253689.1645537366714.1645537366714.1645537366714.1&domain=coderbyte.com&inApp53=false&messagesUtk=5947a5961abf4e99b32bde80278e69f8&url=https%3A%2F%2Fcoderbyte.com%2Fdashboard%2Fbiourja-efzrr&inline=false&isFullscreen=false&globalCookieOptOut=null&isFirstVisitorSession=false&isAttachmentDisabled=false&enableWidgetCookieBanner=false&isInCMS=false&hubspotUtk=cf3df5858e391aa107b47c1a1d253689, line 191: TypeError: hubspot.require is not a function
1645537559582	Marionette	INFO	Stopped listening on port 57905

###!!! [Child][PContentChild] Error: RunMessage(msgname=PContent::Msg_DestroyBrowsingContextGroup) Channel closing: too late to send/recv, messages will be lost


###!!! [Child][PContentChild] Error: RunMessage(msgname=PContent::Msg_DestroyBrowsingContextGroup) Channel closing: too late to send/recv, messages will be lost


###!!! [Child][PContentChild] Error: RunMessage(msgname=PContent::Msg_DestroyBrowsingContextGroup) Channel closing: too late to send/recv, messages will be lost

JavaScript error: chrome://remote/content/marionette/cert.js, line 55: NS_ERROR_NOT_AVAILABLE: Component returned failure code: 0x80040111 (NS_ERROR_NOT_AVAILABLE) [nsICertOverrideService.setDisableAllSecurityChecksAndLetAttackersInterceptMyData]
1645538460546	geckodriver	INFO	Listening on 127.0.0.1:58667
1645538463577	mozrunner::runner	INFO	Running command: "C:\\Program Files\\Mozilla Firefox\\firefox.exe" "--marionette" "-no-remote" "-profile" "C:\\Users\\TEMP\\AppData\\Local\\Temp\\rust_mozprofileHVfS7L"
1645538464199	Marionette	INFO	Marionette enabled
console.warn: SearchSettings: "get: No settings file exists, new profile?" (new NotFoundError("Could not open the file at C:\\Users\\TEMP\\AppData\\Local\\Temp\\rust_mozprofileHVfS7L\\search.json.mozlz4", (void 0)))
1645538465742	Marionette	INFO	Listening on port 58678
1645538465831	RemoteAgent	WARN	TLS certificate errors will be ignored for this session
JavaScript warning: https://s3.amazonaws.com/coderbytejs/jquery-1.3.2.min.js, line 19: unreachable code after return statement
console.warn: LoginRecipes: "getRecipes: falling back to a synchronous message for:" "https://coderbyte.com"
JavaScript warning: https://s3.amazonaws.com/coderbytejs/jquery-1.3.2.min.js, line 19: unreachable code after return statement
JavaScript warning: https://s3.amazonaws.com/coderbytejs/jquery-1.3.2.min.js, line 19: unreachable code after return statement
1645538525557	Marionette	INFO	Stopped listening on port 58678
JavaScript error: chrome://remote/content/marionette/cert.js, line 55: NS_ERROR_NOT_AVAILABLE: Component returned failure code: 0x80040111 (NS_ERROR_NOT_AVAILABLE) [nsICertOverrideService.setDisableAllSecurityChecksAndLetAttackersInterceptMyData]

###!!! [Parent][PGPUParent] Error: RunMessage(msgname=PGPU::Msg_ShutdownVR) Channel closing: too late to send/recv, messages will be lost

1645542403776	geckodriver	INFO	Listening on 127.0.0.1:60204
1645542406813	mozrunner::runner	INFO	Running command: "C:\\\\Program Files\\\\Mozilla Firefox\\\\Firefox.exe" "--marionette" "-no-remote" "-profile" "C:\\Users\\TEMP\\AppData\\Local\\Temp\\rust_mozprofileILKQYy"
1645542407340	Marionette	INFO	Marionette enabled
console.warn: SearchSettings: "get: No settings file exists, new profile?" (new NotFoundError("Could not open the file at C:\\Users\\TEMP\\AppData\\Local\\Temp\\rust_mozprofileILKQYy\\search.json.mozlz4", (void 0)))
1645542408787	Marionette	INFO	Listening on port 60212
1645542408947	RemoteAgent	WARN	TLS certificate errors will be ignored for this session
JavaScript warning: https://s3.amazonaws.com/coderbytejs/jquery-1.3.2.min.js, line 19: unreachable code after return statement
console.warn: LoginRecipes: "getRecipes: falling back to a synchronous message for:" "https://coderbyte.com"
JavaScript warning: https://s3.amazonaws.com/coderbytejs/jquery-1.3.2.min.js, line 19: unreachable code after return statement
JavaScript warning: https://s3.amazonaws.com/coderbytejs/jquery-1.3.2.min.js, line 19: unreachable code after return statement
JavaScript error: https://app.hubspot.com/conversations-visitor/5988877/threads/utk/c3c760a562e34b0ea895e548b8c4ba71?uuid=0f92e3e397ad48cbac3edda4ad6c5eb9&mobile=false&mobileSafari=false&hideWelcomeMessage=false&hstc=112823387.6a2dd448565248422f89652766e9b2c2.1645542414516.1645542414516.1645542414516.1&domain=coderbyte.com&inApp53=false&messagesUtk=c3c760a562e34b0ea895e548b8c4ba71&url=https%3A%2F%2Fcoderbyte.com%2Fdashboard%2Fbiourja-efzrr%23settings-plan_and_billing&inline=false&isFullscreen=false&globalCookieOptOut=null&isFirstVisitorSession=false&isAttachmentDisabled=false&enableWidgetCookieBanner=false&isInCMS=false&hubspotUtk=6a2dd448565248422f89652766e9b2c2, line 143: ReferenceError: hns is not defined
JavaScript error: https://app.hubspot.com/conversations-visitor/5988877/threads/utk/c3c760a562e34b0ea895e548b8c4ba71?uuid=0f92e3e397ad48cbac3edda4ad6c5eb9&mobile=false&mobileSafari=false&hideWelcomeMessage=false&hstc=112823387.6a2dd448565248422f89652766e9b2c2.1645542414516.1645542414516.1645542414516.1&domain=coderbyte.com&inApp53=false&messagesUtk=c3c760a562e34b0ea895e548b8c4ba71&url=https%3A%2F%2Fcoderbyte.com%2Fdashboard%2Fbiourja-efzrr%23settings-plan_and_billing&inline=false&isFullscreen=false&globalCookieOptOut=null&isFirstVisitorSession=false&isAttachmentDisabled=false&enableWidgetCookieBanner=false&isInCMS=false&hubspotUtk=6a2dd448565248422f89652766e9b2c2, line 157: ReferenceError: newrelic is not defined
JavaScript error: https://app.hubspot.com/conversations-visitor/5988877/threads/utk/c3c760a562e34b0ea895e548b8c4ba71?uuid=0f92e3e397ad48cbac3edda4ad6c5eb9&mobile=false&mobileSafari=false&hideWelcomeMessage=false&hstc=112823387.6a2dd448565248422f89652766e9b2c2.1645542414516.1645542414516.1645542414516.1&domain=coderbyte.com&inApp53=false&messagesUtk=c3c760a562e34b0ea895e548b8c4ba71&url=https%3A%2F%2Fcoderbyte.com%2Fdashboard%2Fbiourja-efzrr%23settings-plan_and_billing&inline=false&isFullscreen=false&globalCookieOptOut=null&isFirstVisitorSession=false&isAttachmentDisabled=false&enableWidgetCookieBanner=false&isInCMS=false&hubspotUtk=6a2dd448565248422f89652766e9b2c2, line 186: TypeError: hubspot.require is not a function
JavaScript error: https://app.hubspot.com/conversations-visitor/5988877/threads/utk/c3c760a562e34b0ea895e548b8c4ba71?uuid=0f92e3e397ad48cbac3edda4ad6c5eb9&mobile=false&mobileSafari=false&hideWelcomeMessage=false&hstc=112823387.6a2dd448565248422f89652766e9b2c2.1645542414516.1645542414516.1645542414516.1&domain=coderbyte.com&inApp53=false&messagesUtk=c3c760a562e34b0ea895e548b8c4ba71&url=https%3A%2F%2Fcoderbyte.com%2Fdashboard%2Fbiourja-efzrr%23settings-plan_and_billing&inline=false&isFullscreen=false&globalCookieOptOut=null&isFirstVisitorSession=false&isAttachmentDisabled=false&enableWidgetCookieBanner=false&isInCMS=false&hubspotUtk=6a2dd448565248422f89652766e9b2c2, line 191: TypeError: hubspot.require is not a function
[GFX1-]: Receive IPC close with reason=AbnormalShutdown
[GFX1-]: Receive IPC close with reason=AbnormalShutdown
[GFX1-]: Receive IPC close with reason=AbnormalShutdown
[GFX1-]: Receive IPC close with reason=AbnormalShutdown
[GFX1-]: Receive IPC close with reason=AbnormalShutdown
[GFX1-]: Receive IPC close with reason=AbnormalShutdown
[GFX1-]: Receive IPC close with reason=AbnormalShutdown

###!!! [Child][PCompositorManagerChild] Error: Send(msgname=PWebRenderBridge::Msg_Shutdown) Channel error: cannot send/recv


###!!! [Child][PCompositorManagerChild] Error: Send(msgname=PTexture::Msg_Destroy) Channel error: cannot send/recv


###!!! [Child][PCompositorManagerChild] Error: Send(msgname=PTexture::Msg_Destroy) Channel error: cannot send/recv


###!!! [Child][PCompositorManagerChild] Error: Send(msgname=PTexture::Msg_Destroy) Channel error: cannot send/recv

[GFX1-]: Receive IPC c
###!!! [Child][PCompositorManagerChild] Error: Send(msgname=PTexture::Msg_Destroy) Channel error: cannot send/recv


###!!! [Child][PCompositorManagerChild] Error: Send(msgname=PTexture::Msg_Destroy) Channel error: cannot send/recv


###!!! [Child][PCompositorManagerChild] Error: Send(msgname=PTexture::Msg_Destroy) Channel error: cannot send/recv


###!!! [Child][PCompositorManagerChild] Error: Send(msgname=PTexture::Msg_Destroy) Channel error: cannot send/recv


###!!! [Child][PCompositorManagerChild] Error: Send(msgname=PTexture::Msg_Destroy) Channel error: cannot send/recv


###!!! [Child][PCompositorManagerChild] Error: Send(msgname=PTexture::Msg_Destroy) Channel error: cannot send/recv


###!!! [Child][PCompositorManagerChild] Error: Send(msgname=PAPZ::Msg_Destroy) Channel error: cannot send/recv

lose with r
###!!! [Child][PCompositorManagerChild] Error: SendAndWait(msgname=PCompositorBridge::Msg_WillClose) Channel error: cannot send/recv

eason=Abno
###!!! [Child][PCompositorManagerChild] Error: Send(msgname=PWebRenderBridge::Msg_Shutdown) Channel error: cannot send/recv

r
###!!! [Child][PCompositorManagerChild] Error: SendAndWait(msgname=PCompositorBridge::Msg_WillClose) Channel error: cannot send/recv

malShutdown

###!!! [Parent][PContentParent] Error: Send(msgname=PContent::Msg_ReinitRendering) Channel error: cannot send/recv

[GFX1-]: Receive IPC close with reason=AbnormalShutdown
[GFX1-]: Receive IPC close with reason=AbnormalShutdown

###!!! [Parent][PContentParent] Error: RunMessage(msgname=PContent::Msg_GraphicsError) Channel error: cannot send/recv


###!!! [Parent][PContentParent] Error: Send(msgname=PContent::Msg_AsyncMessage) Channel error: cannot send/recv

A content process crashed and MOZ_CRASHREPORTER_SHUTDOWN is set, shutting down
1645542455998	Marionette	INFO	Stopped listening on port 60212
[Parent 13200, IPC I/O Parent] WARNING: file /builds/worker/checkouts/gecko/ipc/chromium/src/base/process_util_win.cc:167
JavaScript error: chrome://remote/content/marionette/cert.js, line 55: NS_ERROR_NOT_AVAILABLE: Component returned failure code: 0x80040111 (NS_ERROR_NOT_AVAILABLE) [nsICertOverrideService.setDisableAllSecurityChecksAndLetAttackersInterceptMyData]

###!!! [Child][PContentChild] Error: RunMessage(msgname=PContent::Msg_DiscardBrowsingContext) Channel closing: too late to send/recv, messages will be lost


###!!! [Child][PContentChild] Error: RunMessage(msgname=PContent::Reply_DiscardBrowsingContext) Channel closing: too late to send/recv, messages will be lost


###!!! [Child][PContentChild] Error: RunMessage(msgname=PContent::Msg_DiscardWindowContext) Channel closing: too late to send/recv, messages will be lost


###!!! [Child][PContentChild] Error: RunMessage(msgname=PContent::Reply_DiscardBrowsingContext) Channel closing: too late to send/recv, messages will be lost


###!!! [Child][PContentChild] Error: RunMessage(msgname=PContent::Msg_DiscardWindowContext) Channel closing: too late to send/recv, messages will be lost


###!!! [Child][PContentChild] Error: RunMessage(msgname=PContent::Reply_DiscardBrowsingContext) Channel closing: too late to send/recv, messages will be lost


###!!! [Child][PContentChild] Error: RunMessage(msgname=PContent::Msg_DestroyBrowsingContextGroup) Channel closing: too late to send/recv, messages will be lost

1645542560610	geckodriver	INFO	Listening on 127.0.0.1:60440
1645542563663	mozrunner::runner	INFO	Running command: "C:\\\\Program Files\\\\Mozilla Firefox\\\\Firefox.exe" "--marionette" "-no-remote" "-profile" "C:\\Users\\TEMP\\AppData\\Local\\Temp\\rust_mozprofileZVm3s9"
1645542564379	Marionette	INFO	Marionette enabled
console.warn: SearchSettings: "get: No settings file exists, new profile?" (new NotFoundError("Could not open the file at C:\\Users\\TEMP\\AppData\\Local\\Temp\\rust_mozprofileZVm3s9\\search.json.mozlz4", (void 0)))
1645542565879	Marionette	INFO	Listening on port 60452
1645542565947	RemoteAgent	WARN	TLS certificate errors will be ignored for this session
JavaScript warning: https://s3.amazonaws.com/coderbytejs/jquery-1.3.2.min.js, line 19: unreachable code after return statement
console.warn: LoginRecipes: "getRecipes: falling back to a synchronous message for:" "https://coderbyte.com"
JavaScript warning: https://s3.amazonaws.com/coderbytejs/jquery-1.3.2.min.js, line 19: unreachable code after return statement
JavaScript warning: https://s3.amazonaws.com/coderbytejs/jquery-1.3.2.min.js, line 19: unreachable code after return statement
JavaScript error: https://app.hubspot.com/conversations-visitor/5988877/threads/utk/9d511d58713c465b8fc9e681bb83d95e?uuid=981833f2194048c2a8b96d275b47ba26&mobile=false&mobileSafari=false&hideWelcomeMessage=false&hstc=112823387.5398e043281871601a56b49e854c7ee8.1645542571438.1645542571438.1645542571438.1&domain=coderbyte.com&inApp53=false&messagesUtk=9d511d58713c465b8fc9e681bb83d95e&url=https%3A%2F%2Fcoderbyte.com%2Fdashboard%2Fbiourja-efzrr%23settings-plan_and_billing&inline=false&isFullscreen=false&globalCookieOptOut=null&isFirstVisitorSession=false&isAttachmentDisabled=false&enableWidgetCookieBanner=false&isInCMS=false&hubspotUtk=5398e043281871601a56b49e854c7ee8, line 143: ReferenceError: hns is not defined
JavaScript error: https://app.hubspot.com/conversations-visitor/5988877/threads/utk/9d511d58713c465b8fc9e681bb83d95e?uuid=981833f2194048c2a8b96d275b47ba26&mobile=false&mobileSafari=false&hideWelcomeMessage=false&hstc=112823387.5398e043281871601a56b49e854c7ee8.1645542571438.1645542571438.1645542571438.1&domain=coderbyte.com&inApp53=false&messagesUtk=9d511d58713c465b8fc9e681bb83d95e&url=https%3A%2F%2Fcoderbyte.com%2Fdashboard%2Fbiourja-efzrr%23settings-plan_and_billing&inline=false&isFullscreen=false&globalCookieOptOut=null&isFirstVisitorSession=false&isAttachmentDisabled=false&enableWidgetCookieBanner=false&isInCMS=false&hubspotUtk=5398e043281871601a56b49e854c7ee8, line 157: ReferenceError: newrelic is not defined
JavaScript error: https://app.hubspot.com/conversations-visitor/5988877/threads/utk/9d511d58713c465b8fc9e681bb83d95e?uuid=981833f2194048c2a8b96d275b47ba26&mobile=false&mobileSafari=false&hideWelcomeMessage=false&hstc=112823387.5398e043281871601a56b49e854c7ee8.1645542571438.1645542571438.1645542571438.1&domain=coderbyte.com&inApp53=false&messagesUtk=9d511d58713c465b8fc9e681bb83d95e&url=https%3A%2F%2Fcoderbyte.com%2Fdashboard%2Fbiourja-efzrr%23settings-plan_and_billing&inline=false&isFullscreen=false&globalCookieOptOut=null&isFirstVisitorSession=false&isAttachmentDisabled=false&enableWidgetCookieBanner=false&isInCMS=false&hubspotUtk=5398e043281871601a56b49e854c7ee8, line 186: TypeError: hubspot.require is not a function
JavaScript error: https://app.hubspot.com/conversations-visitor/5988877/threads/utk/9d511d58713c465b8fc9e681bb83d95e?uuid=981833f2194048c2a8b96d275b47ba26&mobile=false&mobileSafari=false&hideWelcomeMessage=false&hstc=112823387.5398e043281871601a56b49e854c7ee8.1645542571438.1645542571438.1645542571438.1&domain=coderbyte.com&inApp53=false&messagesUtk=9d511d58713c465b8fc9e681bb83d95e&url=https%3A%2F%2Fcoderbyte.com%2Fdashboard%2Fbiourja-efzrr%23settings-plan_and_billing&inline=false&isFullscreen=false&globalCookieOptOut=null&isFirstVisitorSession=false&isAttachmentDisabled=false&enableWidgetCookieBanner=false&isInCMS=false&hubspotUtk=5398e043281871601a56b49e854c7ee8, line 191: TypeError: hubspot.require is not a function
JavaScript error: https://static.hsappstatic.net/conversations-visitor-ui/static-1.12099/bundles/visitor.js, line 1: Error: dlb hubspot-dlb/bundle.production.js not loaded
1645542641242	Marionette	INFO	Stopped listening on port 60452

###!!! [Child][PContentChild] Error: RunMessage(msgname=PContent::Reply_DiscardBrowsingContext) Channel closing: too late to send/recv, messages will be lost


###!!! [Child][PContentChild] Error: RunMessage(msgname=PContent::Msg_DestroyBrowsingContextGroup) Channel closing: too late to send/recv, messages will be lost

1645686604194	geckodriver	INFO	Listening on 127.0.0.1:64392
1645686607227	mozrunner::runner	INFO	Running command: "C:\\\\Program Files\\\\Mozilla Firefox\\\\Firefox.exe" "--marionette" "-no-remote" "-profile" "C:\\Users\\TEMP\\AppData\\Local\\Temp\\rust_mozprofilexWT4r2"
1645686607913	Marionette	INFO	Marionette enabled
console.warn: SearchSettings: "get: No settings file exists, new profile?" (new NotFoundError("Could not open the file at C:\\Users\\TEMP\\AppData\\Local\\Temp\\rust_mozprofilexWT4r2\\search.json.mozlz4", (void 0)))
1645686609400	Marionette	INFO	Listening on port 64402
1645686609491	RemoteAgent	WARN	TLS certificate errors will be ignored for this session
JavaScript warning: https://s3.amazonaws.com/coderbytejs/jquery-1.3.2.min.js, line 19: unreachable code after return statement
console.warn: LoginRecipes: "getRecipes: falling back to a synchronous message for:" "https://coderbyte.com"
JavaScript warning: https://s3.amazonaws.com/coderbytejs/jquery-1.3.2.min.js, line 19: unreachable code after return statement
JavaScript warning: https://s3.amazonaws.com/coderbytejs/jquery-1.3.2.min.js, line 19: unreachable code after return statement
JavaScript error: https://app.hubspot.com/conversations-visitor/5988877/threads/utk/959ad81be92342a0a026db4a8f2e2688?uuid=b0caf28e2043431b9d4a72491c14ad69&mobile=false&mobileSafari=false&hideWelcomeMessage=false&hstc=112823387.d47b2a1477dc5c69439cc876d9408317.1645686615894.1645686615894.1645686615894.1&domain=coderbyte.com&inApp53=false&messagesUtk=959ad81be92342a0a026db4a8f2e2688&url=https%3A%2F%2Fcoderbyte.com%2Fdashboard%2Fbiourja-efzrr%23settings-plan_and_billing&inline=false&isFullscreen=false&globalCookieOptOut=null&isFirstVisitorSession=false&isAttachmentDisabled=false&enableWidgetCookieBanner=false&isInCMS=false&hubspotUtk=d47b2a1477dc5c69439cc876d9408317, line 143: ReferenceError: hns is not defined
JavaScript error: https://app.hubspot.com/conversations-visitor/5988877/threads/utk/959ad81be92342a0a026db4a8f2e2688?uuid=b0caf28e2043431b9d4a72491c14ad69&mobile=false&mobileSafari=false&hideWelcomeMessage=false&hstc=112823387.d47b2a1477dc5c69439cc876d9408317.1645686615894.1645686615894.1645686615894.1&domain=coderbyte.com&inApp53=false&messagesUtk=959ad81be92342a0a026db4a8f2e2688&url=https%3A%2F%2Fcoderbyte.com%2Fdashboard%2Fbiourja-efzrr%23settings-plan_and_billing&inline=false&isFullscreen=false&globalCookieOptOut=null&isFirstVisitorSession=false&isAttachmentDisabled=false&enableWidgetCookieBanner=false&isInCMS=false&hubspotUtk=d47b2a1477dc5c69439cc876d9408317, line 157: ReferenceError: newrelic is not defined
JavaScript error: https://app.hubspot.com/conversations-visitor/5988877/threads/utk/959ad81be92342a0a026db4a8f2e2688?uuid=b0caf28e2043431b9d4a72491c14ad69&mobile=false&mobileSafari=false&hideWelcomeMessage=false&hstc=112823387.d47b2a1477dc5c69439cc876d9408317.1645686615894.1645686615894.1645686615894.1&domain=coderbyte.com&inApp53=false&messagesUtk=959ad81be92342a0a026db4a8f2e2688&url=https%3A%2F%2Fcoderbyte.com%2Fdashboard%2Fbiourja-efzrr%23settings-plan_and_billing&inline=false&isFullscreen=false&globalCookieOptOut=null&isFirstVisitorSession=false&isAttachmentDisabled=false&enableWidgetCookieBanner=false&isInCMS=false&hubspotUtk=d47b2a1477dc5c69439cc876d9408317, line 186: TypeError: hubspot.require is not a function
JavaScript error: https://app.hubspot.com/conversations-visitor/5988877/threads/utk/959ad81be92342a0a026db4a8f2e2688?uuid=b0caf28e2043431b9d4a72491c14ad69&mobile=false&mobileSafari=false&hideWelcomeMessage=false&hstc=112823387.d47b2a1477dc5c69439cc876d9408317.1645686615894.1645686615894.1645686615894.1&domain=coderbyte.com&inApp53=false&messagesUtk=959ad81be92342a0a026db4a8f2e2688&url=https%3A%2F%2Fcoderbyte.com%2Fdashboard%2Fbiourja-efzrr%23settings-plan_and_billing&inline=false&isFullscreen=false&globalCookieOptOut=null&isFirstVisitorSession=false&isAttachmentDisabled=false&enableWidgetCookieBanner=false&isInCMS=false&hubspotUtk=d47b2a1477dc5c69439cc876d9408317, line 191: TypeError: hubspot.require is not a function
JavaScript error: https://static.hsappstatic.net/conversations-visitor-ui/static-1.12099/bundles/visitor.js, line 1: Error: dlb head-dlb/bundle.production.js not loaded
1645686648738	Marionette	INFO	Stopped listening on port 64402

###!!! [Child][PContentChild] Error: RunMessage(msgname=PContent::Msg_DestroyBrowsingContextGroup) Channel closing: too late to send/recv, messages will be lost

1647403207546	geckodriver	INFO	Listening on 127.0.0.1:52063
1647403210554	mozrunner::runner	INFO	Running command: "C:\\\\Program Files\\\\Mozilla Firefox\\\\Firefox.exe" "--marionette" "-no-remote" "-profile" "C:\\Users\\TEMP\\AppData\\Local\\Temp\\rust_mozprofileN7ma8N"
1647403211211	Marionette	INFO	Marionette enabled
console.warn: SearchSettings: "get: No settings file exists, new profile?" (new NotFoundError("Could not open the file at C:\\Users\\TEMP\\AppData\\Local\\Temp\\rust_mozprofileN7ma8N\\search.json.mozlz4", (void 0)))
1647403213240	Marionette	INFO	Listening on port 52079
1647403213325	RemoteAgent	WARN	TLS certificate errors will be ignored for this session
JavaScript warning: https://s3.amazonaws.com/coderbytejs/jquery-1.3.2.min.js, line 19: unreachable code after return statement
console.warn: LoginRecipes: "getRecipes: falling back to a synchronous message for:" "https://coderbyte.com"
JavaScript warning: https://s3.amazonaws.com/coderbytejs/jquery-1.3.2.min.js, line 19: unreachable code after return statement
JavaScript warning: https://s3.amazonaws.com/coderbytejs/jquery-1.3.2.min.js, line 19: unreachable code after return statement

###!!! [Child][PContentChild] Error: RunMessage(msgname=PContent::Msg_DiscardWindowContext) Channel closing: too late to send/recv, messages will be lost


###!!! [Child][PContentChild] Error: RunMessage(msgname=PContent::Msg_DiscardWindowContext) Channel closing: too late to send/recv, messages will be lost

JavaScript error: https://app.hubspot.com/conversations-visitor/5988877/threads/utk/411ede850c3d4d8886d6239095e989ba?uuid=1396ced9ff9f4d279b3c337cfecf267d&mobile=false&mobileSafari=false&hideWelcomeMessage=false&hstc=112823387.cb699e9312d852c242bc02253ccc13cd.1647403220738.1647403220738.1647403220738.1&domain=coderbyte.com&inApp53=false&messagesUtk=411ede850c3d4d8886d6239095e989ba&url=https%3A%2F%2Fcoderbyte.com%2Fdashboard%2Fbiourja-efzrr%23settings-plan_and_billing&inline=false&isFullscreen=false&globalCookieOptOut=null&isFirstVisitorSession=false&isAttachmentDisabled=false&enableWidgetCookieBanner=false&isInCMS=false&hubspotUtk=cb699e9312d852c242bc02253ccc13cd, line 143: ReferenceError: hns is not defined
JavaScript error: https://app.hubspot.com/conversations-visitor/5988877/threads/utk/411ede850c3d4d8886d6239095e989ba?uuid=1396ced9ff9f4d279b3c337cfecf267d&mobile=false&mobileSafari=false&hideWelcomeMessage=false&hstc=112823387.cb699e9312d852c242bc02253ccc13cd.1647403220738.1647403220738.1647403220738.1&domain=coderbyte.com&inApp53=false&messagesUtk=411ede850c3d4d8886d6239095e989ba&url=https%3A%2F%2Fcoderbyte.com%2Fdashboard%2Fbiourja-efzrr%23settings-plan_and_billing&inline=false&isFullscreen=false&globalCookieOptOut=null&isFirstVisitorSession=false&isAttachmentDisabled=false&enableWidgetCookieBanner=false&isInCMS=false&hubspotUtk=cb699e9312d852c242bc02253ccc13cd, line 157: ReferenceError: newrelic is not defined
JavaScript error: https://app.hubspot.com/conversations-visitor/5988877/threads/utk/411ede850c3d4d8886d6239095e989ba?uuid=1396ced9ff9f4d279b3c337cfecf267d&mobile=false&mobileSafari=false&hideWelcomeMessage=false&hstc=112823387.cb699e9312d852c242bc02253ccc13cd.1647403220738.1647403220738.1647403220738.1&domain=coderbyte.com&inApp53=false&messagesUtk=411ede850c3d4d8886d6239095e989ba&url=https%3A%2F%2Fcoderbyte.com%2Fdashboard%2Fbiourja-efzrr%23settings-plan_and_billing&inline=false&isFullscreen=false&globalCookieOptOut=null&isFirstVisitorSession=false&isAttachmentDisabled=false&enableWidgetCookieBanner=false&isInCMS=false&hubspotUtk=cb699e9312d852c242bc02253ccc13cd, line 186: TypeError: hubspot.require is not a function
JavaScript error: https://app.hubspot.com/conversations-visitor/5988877/threads/utk/411ede850c3d4d8886d6239095e989ba?uuid=1396ced9ff9f4d279b3c337cfecf267d&mobile=false&mobileSafari=false&hideWelcomeMessage=false&hstc=112823387.cb699e9312d852c242bc02253ccc13cd.1647403220738.1647403220738.1647403220738.1&domain=coderbyte.com&inApp53=false&messagesUtk=411ede850c3d4d8886d6239095e989ba&url=https%3A%2F%2Fcoderbyte.com%2Fdashboard%2Fbiourja-efzrr%23settings-plan_and_billing&inline=false&isFullscreen=false&globalCookieOptOut=null&isFirstVisitorSession=false&isAttachmentDisabled=false&enableWidgetCookieBanner=false&isInCMS=false&hubspotUtk=cb699e9312d852c242bc02253ccc13cd, line 191: TypeError: hubspot.require is not a function
1647403416843	Marionette	INFO	Stopped listening on port 52079

###!!! [Parent][PContentParent] Error: Send(msgname=PContent::Msg_DestroyBrowsingContextGroup) Closed channel: cannot send/recv


###!!! [Child][PContentChild] Error: RunMessage(msgname=PSessionStorageObserver::Msg_Observe) Channel closing: too late to send/recv, messages will be lost

1647489608524	geckodriver	INFO	Listening on 127.0.0.1:59096
1647489611548	mozrunner::runner	INFO	Running command: "C:\\\\Program Files\\\\Mozilla Firefox\\\\Firefox.exe" "--marionette" "-no-remote" "-profile" "C:\\Users\\TEMP\\AppData\\Local\\Temp\\rust_mozprofileS1m4TC"
1647489612230	Marionette	INFO	Marionette enabled
console.warn: SearchSettings: "get: No settings file exists, new profile?" (new NotFoundError("Could not open the file at C:\\Users\\TEMP\\AppData\\Local\\Temp\\rust_mozprofileS1m4TC\\search.json.mozlz4", (void 0)))
1647489613934	Marionette	INFO	Listening on port 59107
1647489614395	RemoteAgent	WARN	TLS certificate errors will be ignored for this session
JavaScript warning: https://s3.amazonaws.com/coderbytejs/jquery-1.3.2.min.js, line 19: unreachable code after return statement
console.warn: LoginRecipes: "getRecipes: falling back to a synchronous message for:" "https://coderbyte.com"
JavaScript warning: https://s3.amazonaws.com/coderbytejs/jquery-1.3.2.min.js, line 19: unreachable code after return statement
JavaScript warning: https://s3.amazonaws.com/coderbytejs/jquery-1.3.2.min.js, line 19: unreachable code after return statement

###!!! [Child][PContentChild] Error: RunMessage(msgname=PContent::Msg_NotifyProcessPriorityChanged) Channel closing: too late to send/recv, messages will be lost

1647489816043	Marionette	INFO	Stopped listening on port 59107
1647510445755	geckodriver	INFO	Listening on 127.0.0.1:50154
1647510448819	mozrunner::runner	INFO	Running command: "C:\\\\Program Files\\\\Mozilla Firefox\\\\Firefox.exe" "--marionette" "-no-remote" "-profile" "C:\\Users\\TEMP\\AppData\\Local\\Temp\\rust_mozprofilemGTBzD"
1647510449478	Marionette	INFO	Marionette enabled
console.warn: SearchSettings: "get: No settings file exists, new profile?" (new NotFoundError("Could not open the file at C:\\Users\\TEMP\\AppData\\Local\\Temp\\rust_mozprofilemGTBzD\\search.json.mozlz4", (void 0)))
1647510451006	Marionette	INFO	Listening on port 50162
1647510451094	RemoteAgent	WARN	TLS certificate errors will be ignored for this session
JavaScript warning: https://s3.amazonaws.com/coderbytejs/jquery-1.3.2.min.js, line 19: unreachable code after return statement
console.warn: LoginRecipes: "getRecipes: falling back to a synchronous message for:" "https://coderbyte.com"
JavaScript warning: https://s3.amazonaws.com/coderbytejs/jquery-1.3.2.min.js, line 19: unreachable code after return statement
JavaScript warning: https://s3.amazonaws.com/coderbytejs/jquery-1.3.2.min.js, line 19: unreachable code after return statement

###!!! [Child][PContentChild] Error: RunMessage(msgname=PContent::Msg_DiscardWindowContext) Channel closing: too late to send/recv, messages will be lost

JavaScript error: https://app.hubspot.com/conversations-visitor/5988877/threads/utk/0f3d5c7e58b54c7aa0f25b4debb75714?uuid=66a7d099164d4a59b31df212ec6c2427&mobile=false&mobileSafari=false&hideWelcomeMessage=false&hstc=112823387.2685cbf20ecea70352e5f2986518afb0.1647510456542.1647510456542.1647510456542.1&domain=coderbyte.com&inApp53=false&messagesUtk=0f3d5c7e58b54c7aa0f25b4debb75714&url=https%3A%2F%2Fcoderbyte.com%2Fdashboard%2Fbiourja-efzrr%23settings-plan_and_billing&inline=false&isFullscreen=false&globalCookieOptOut=null&isFirstVisitorSession=false&isAttachmentDisabled=false&enableWidgetCookieBanner=false&isInCMS=false&hubspotUtk=2685cbf20ecea70352e5f2986518afb0, line 143: ReferenceError: hns is not defined
JavaScript error: https://app.hubspot.com/conversations-visitor/5988877/threads/utk/0f3d5c7e58b54c7aa0f25b4debb75714?uuid=66a7d099164d4a59b31df212ec6c2427&mobile=false&mobileSafari=false&hideWelcomeMessage=false&hstc=112823387.2685cbf20ecea70352e5f2986518afb0.1647510456542.1647510456542.1647510456542.1&domain=coderbyte.com&inApp53=false&messagesUtk=0f3d5c7e58b54c7aa0f25b4debb75714&url=https%3A%2F%2Fcoderbyte.com%2Fdashboard%2Fbiourja-efzrr%23settings-plan_and_billing&inline=false&isFullscreen=false&globalCookieOptOut=null&isFirstVisitorSession=false&isAttachmentDisabled=false&enableWidgetCookieBanner=false&isInCMS=false&hubspotUtk=2685cbf20ecea70352e5f2986518afb0, line 157: ReferenceError: newrelic is not defined
JavaScript error: https://app.hubspot.com/conversations-visitor/5988877/threads/utk/0f3d5c7e58b54c7aa0f25b4debb75714?uuid=66a7d099164d4a59b31df212ec6c2427&mobile=false&mobileSafari=false&hideWelcomeMessage=false&hstc=112823387.2685cbf20ecea70352e5f2986518afb0.1647510456542.1647510456542.1647510456542.1&domain=coderbyte.com&inApp53=false&messagesUtk=0f3d5c7e58b54c7aa0f25b4debb75714&url=https%3A%2F%2Fcoderbyte.com%2Fdashboard%2Fbiourja-efzrr%23settings-plan_and_billing&inline=false&isFullscreen=false&globalCookieOptOut=null&isFirstVisitorSession=false&isAttachmentDisabled=false&enableWidgetCookieBanner=false&isInCMS=false&hubspotUtk=2685cbf20ecea70352e5f2986518afb0, line 186: TypeError: hubspot.require is not a function
JavaScript error: https://app.hubspot.com/conversations-visitor/5988877/threads/utk/0f3d5c7e58b54c7aa0f25b4debb75714?uuid=66a7d099164d4a59b31df212ec6c2427&mobile=false&mobileSafari=false&hideWelcomeMessage=false&hstc=112823387.2685cbf20ecea70352e5f2986518afb0.1647510456542.1647510456542.1647510456542.1&domain=coderbyte.com&inApp53=false&messagesUtk=0f3d5c7e58b54c7aa0f25b4debb75714&url=https%3A%2F%2Fcoderbyte.com%2Fdashboard%2Fbiourja-efzrr%23settings-plan_and_billing&inline=false&isFullscreen=false&globalCookieOptOut=null&isFirstVisitorSession=false&isAttachmentDisabled=false&enableWidgetCookieBanner=false&isInCMS=false&hubspotUtk=2685cbf20ecea70352e5f2986518afb0, line 191: TypeError: hubspot.require is not a function
1647510495897	Marionette	INFO	Stopped listening on port 50162

###!!! [Parent][PContentParent] Error: Send(msgname=PContent::Msg_DestroyBrowsingContextGroup) Closed channel: cannot send/recv


###!!! [Child][PContentChild] Error: RunMessage(msgname=PContent::Msg_DestroyBrowsingContextGroup) Channel closing: too late to send/recv, messages will be lost

[Parent 17616, IPC I/O Parent] WARNING: pipe error: 232: file /builds/worker/checkouts/gecko/ipc/chromium/src/chrome/common/ipc_channel_win.cc:565
